{"name":"testHealthEndpoint","id":"uk.gov.hmcts.reform.em.hrs.smoke.SmokeJavaTest:testHealthEndpoint","testCaseName":"uk.gov.hmcts.reform.em.hrs.smoke.SmokeJavaTest","testSteps":[{"number":1,"description":"GET http://localhost:8080/","duration":4,"startTime":"2021-02-04T11:17:00.028372Z[Europe/London]","result":"SUCCESS","restQuery":{"method":"GET","path":"http://localhost:8080/","content":"","contentType":"null","requestHeaders":"Accept\u003d*/*","requestCookies":"","responseHeaders":"Set-Cookie: JSESSIONID\u003d836FD58634C6F567F6E6A3969A16E614; Path\u003d/; HttpOnly\nWWW-Authenticate: Basic realm\u003d\"Realm\"\nX-Content-Type-Options: nosniff\nX-XSS-Protection: 1; mode\u003dblock\nCache-Control: no-cache, no-store, max-age\u003d0, must-revalidate\nPragma: no-cache\nExpires: 0\nX-Frame-Options: DENY\nContent-Type: application/json\nTransfer-Encoding: chunked\nDate: Thu, 04 Feb 2021 11:16:59 GMT\nKeep-Alive: timeout\u003d60\nConnection: keep-alive","responseCookies":"JSESSIONID\u003d836FD58634C6F567F6E6A3969A16E614;Path\u003d/;HttpOnly","responseBody":"{\n    \"timestamp\": \"2021-02-04T11:16:59.744+00:00\",\n    \"status\": 401,\n    \"error\": \"Unauthorized\",\n    \"message\": \"\",\n    \"path\": \"/\"\n}","statusCode":401},"precondition":false,"level":0}],"userStory":{"id":"uk.gov.hmcts.reform.em.hrs.smoke.SmokeJavaTest","storyName":"Smoke java test","storyClassName":"uk.gov.hmcts.reform.em.hrs.smoke.SmokeJavaTest","path":"uk.gov.hmcts.reform.em.hrs.smoke","type":"story"},"featureTag":{"name":"Smoke/Smoke java test","type":"story","displayName":"Smoke/Smoke java test"},"title":"Test health endpoint","tags":[{"name":"Smoke","type":"testType","displayName":"Smoke"},{"name":"Smoke/Smoke java test","type":"story","displayName":"Smoke/Smoke java test"}],"startTime":"2021-02-04T11:16:54.029013Z[Europe/London]","duration":6095,"testFailureCause":{"errorType":"java.lang.AssertionError","message":"1 expectation failed.\nExpected status code \u003c200\u003e but was \u003c401\u003e.\n","stackTrace":[{"classLoaderName":"app","declaringClass":"io.restassured.internal.ResponseSpecificationImpl","methodName":"validateResponseIfRequired","fileName":"ResponseSpecificationImpl.groovy","lineNumber":656,"format":1},{"classLoaderName":"app","declaringClass":"io.restassured.internal.ResponseSpecificationImpl","methodName":"statusCode","fileName":"ResponseSpecificationImpl.groovy","lineNumber":125,"format":1},{"classLoaderName":"app","declaringClass":"io.restassured.internal.ResponseSpecificationImpl","methodName":"statusCode","fileName":"ResponseSpecificationImpl.groovy","lineNumber":133,"format":1},{"classLoaderName":"app","declaringClass":"io.restassured.internal.ValidatableResponseOptionsImpl","methodName":"statusCode","fileName":"ValidatableResponseOptionsImpl.java","lineNumber":119,"format":1},{"classLoaderName":"app","declaringClass":"uk.gov.hmcts.reform.em.hrs.smoke.SmokeJavaTest","methodName":"testHealthEndpoint","fileName":"SmokeJavaTest.java","lineNumber":39,"format":1},{"classLoaderName":"app","declaringClass":"org.springframework.test.context.junit4.statements.RunBeforeTestMethodCallbacks","methodName":"evaluate","fileName":"RunBeforeTestMethodCallbacks.java","lineNumber":75,"format":1},{"classLoaderName":"app","declaringClass":"org.springframework.test.context.junit4.statements.RunAfterTestMethodCallbacks","methodName":"evaluate","fileName":"RunAfterTestMethodCallbacks.java","lineNumber":86,"format":1},{"classLoaderName":"app","declaringClass":"org.springframework.test.context.junit4.statements.RunBeforeTestClassCallbacks","methodName":"evaluate","fileName":"RunBeforeTestClassCallbacks.java","lineNumber":61,"format":1},{"classLoaderName":"app","declaringClass":"org.springframework.test.context.junit4.statements.RunAfterTestClassCallbacks","methodName":"evaluate","fileName":"RunAfterTestClassCallbacks.java","lineNumber":70,"format":1}]},"testFailureClassname":"java.lang.AssertionError","testFailureMessage":"1 expectation failed.\nExpected status code \u003c200\u003e but was \u003c401\u003e.\n","testFailureSummary":"FAILURE;java.lang.AssertionError;1 expectation failed.\nExpected status code \u003c200\u003e but was \u003c401\u003e.\n;ResponseSpecificationImpl.groovy","projectKey":"","annotatedResult":"FAILURE","isManualTestingUpToDate":false,"manual":false,"testSource":"JUnit","order":0,"result":"FAILURE"}